{"eventIds": ["person_2025-10-01X22-42-42_2983333"], "fileName": "/srv/sr/orchestrator/media/2025-10-01/person-2025-10-01X22-42-42.jpg", "fileType": "BurstPictureForensic", "messageType": "NewFile", "timeStamp": "2025/10/01 22:42:42"},
{"eventData": {"count": 1, "object": "person", "scores": [0.60595703125], "zone": "south"}, "eventType": "person", "id": "person_2025-10-01X22-42-42_2983333", "instrumentName": "person", "isAlert": false, "messageType": "Event", "sensorId": "Camera", "timeStamp": "2025/10/01 22:42:42"},
{"eventData": {"count": 1, "object": "person", "scores": [0.67626953125], "zone": "east"}, "eventType": "person", "id": "person_2025-10-01X22-57-19_6833333", "instrumentName": "person", "isAlert": false, "messageType": "Event", "sensorId": "Camera", "timeStamp": "2025/10/01 22:57:19"},
{"eventIds": ["person_2025-10-01X22-57-19_6833333"], "fileName": "/srv/sr/orchestrator/media/2025-10-01/person-2025-10-01X22-57-19.jpg", "fileType": "BurstPictureForensic", "messageType": "NewFile", "timeStamp": "2025/10/01 22:57:19"},
{"eventData": {"count": 1, "object": "person", "scores": [0.61962890625], "zone": "east"}, "eventType": "person", "id": "person_2025-10-01X22-59-40_144799994", "instrumentName": "person", "isAlert": false, "messageType": "Event", "sensorId": "Camera", "timeStamp": "2025/10/01 22:59:40"},
{"eventIds": ["person_2025-10-01X22-59-40_144799994"], "fileName": "/srv/sr/orchestrator/media/2025-10-01/person-2025-10-01X22-59-40.jpg", "fileType": "BurstPictureForensic", "messageType": "NewFile", "timeStamp": "2025/10/01 22:59:40"},
{"eventData": {"count": 1, "object": "person", "scores": [0.84814453125], "zone": "east"}, "eventType": "person", "id": "person_2025-10-01X23-00-46_210166658", "instrumentName": "person", "isAlert": false, "messageType": "Event", "sensorId": "Camera", "timeStamp": "2025/10/01 23:00:46"},
{"eventIds": ["person_2025-10-01X23-00-46_210166658"], "fileName": "/srv/sr/orchestrator/media/2025-10-01/person-2025-10-01X23-00-46.jpg", "fileType": "BurstPictureForensic", "messageType": "NewFile", "timeStamp": "2025/10/01 23:00:46"},
{"eventIds": ["person_2025-10-01X23-03-37_378933318"], "fileName": "/srv/sr/orchestrator/media/2025-10-01/person-2025-10-01X23-03-37.jpg", "fileType": "BurstPictureForensic", "messageType": "NewFile", "timeStamp": "2025/10/01 23:03:37"},
{"eventData": {"count": 1, "object": "person", "scores": [0.86279296875], "zone": "east"}, "eventType": "person", "id": "person_2025-10-01X23-03-37_378933318", "instrumentName": "person", "isAlert": false, "messageType": "Event", "sensorId": "Camera", "timeStamp": "2025/10/01 23:03:37"},
{"eventIds": ["person_2025-10-01X23-43-22_16583332"], "fileName": "/srv/sr/orchestrator/media/2025-10-01/person-2025-10-01X23-43-22.jpg", "fileType": "BurstPictureForensic", "messageType": "NewFile", "timeStamp": "2025/10/01 23:43:22"},
{"eventData": {"count": 1, "object": "person", "scores": [0.72021484375], "zone": "New Preset 1"}, "eventType": "person", "id": "person_2025-10-01X23-43-22_16583332", "instrumentName": "person", "isAlert": false, "messageType": "Event", "sensorId": "Camera", "timeStamp": "2025/10/01 23:43:22"},
{"eventData": {"count": 1, "object": "person", "scores": [0.64013671875], "zone": "New Preset 1"}, "eventType": "person", "id": "person_2025-10-01X23-43-26_21438114", "instrumentName": "person", "isAlert": false, "messageType": "Event", "sensorId": "Camera", "timeStamp": "2025/10/01 23:43:26"},
{"eventIds": ["person_2025-10-01X23-43-26_21438114"], "fileName": "/srv/sr/orchestrator/media/2025-10-01/person-2025-10-01X23-43-26.jpg", "fileType": "BurstPictureForensic", "messageType": "NewFile", "timeStamp": "2025/10/01 23:43:26"},
{"eventIds": ["person_2025-10-01X23-43-56_49066664"], "fileName": "/srv/sr/orchestrator/media/2025-10-01/person-2025-10-01X23-43-56.jpg", "fileType": "BurstPictureForensic", "messageType": "NewFile", "timeStamp": "2025/10/01 23:43:56"},
{"eventData": {"count": 1, "object": "person", "scores": [0.73779296875], "zone": "New Preset 1"}, "eventType": "person", "id": "person_2025-10-01X23-43-56_49066664", "instrumentName": "person", "isAlert": false, "messageType": "Event", "sensorId": "Camera", "timeStamp": "2025/10/01 23:43:56"},
{"eventData": {"count": 1, "object": "person", "scores": [0.85986328125], "zone": "New Preset 1"}, "eventType": "person", "id": "person_2025-10-01X23-43-57_52125576", "instrumentName": "person", "isAlert": false, "messageType": "Event", "sensorId": "Camera", "timeStamp": "2025/10/01 23:43:57"},
{"eventIds": ["person_2025-10-01X23-43-57_52125576"], "fileName": "/srv/sr/orchestrator/media/2025-10-01/person-2025-10-01X23-43-57.jpg", "fileType": "BurstPictureForensic", "messageType": "NewFile", "timeStamp": "2025/10/01 23:43:57"},
{"eventData": {"count": 1, "object": "tiger", "scores": [0.744140625], "zone": "New Preset 1"}, "eventType": "tiger", "id": "tiger_2025-10-01X23-44-18_73356064", "instrumentName": "tiger", "isAlert": true, "messageType": "Event", "sensorId": "Camera", "timeStamp": "2025/10/01 23:44:18"},
{"eventIds": ["tiger_2025-10-01X23-44-18_73356064"], "fileName": "/srv/sr/orchestrator/media/2025-10-01/tiger-2025-10-01X23-44-18.jpg", "fileType": "BurstPictureForensic", "messageType": "NewFile", "timeStamp": "2025/10/01 23:44:18"},
{"eventData": {"count": 1, "object": "gaur", "scores": [0.72705078125], "zone": "New Preset 1"}, "eventType": "gaur", "id": "gaur_2025-10-01X23-44-19_74395169", "instrumentName": "gaur", "isAlert": true, "messageType": "Event", "sensorId": "Camera", "timeStamp": "2025/10/01 23:44:19"},
{"eventIds": ["gaur_2025-10-01X23-44-19_74395169"], "fileName": "/srv/sr/orchestrator/media/2025-10-01/gaur-2025-10-01X23-44-19.jpg", "fileType": "BurstPictureForensic", "messageType": "NewFile", "timeStamp": "2025/10/01 23:44:19"},
{"eventData": {"count": 1, "object": "person", "scores": [0.71728515625], "zone": "New Preset 1"}, "eventType": "person", "id": "person_2025-10-01X23-44-26_78716663", "instrumentName": "person", "isAlert": false, "messageType": "Event", "sensorId": "Camera", "timeStamp": "2025/10/01 23:44:26"},
{"eventIds": ["person_2025-10-01X23-44-26_78716663"], "fileName": "/srv/sr/orchestrator/media/2025-10-01/person-2025-10-01X23-44-26.jpg", "fileType": "BurstPictureForensic", "messageType": "NewFile", "timeStamp": "2025/10/01 23:44:26"},
{"eventData": {"count": 1, "object": "person", "scores": [0.68212890625], "zone": "New Preset 1"}, "eventType": "person", "id": "person_2025-10-01X23-44-28_83666599", "instrumentName": "person", "isAlert": false, "messageType": "Event", "sensorId": "Camera", "timeStamp": "2025/10/01 23:44:28"},
{"eventIds": ["person_2025-10-01X23-44-28_83666599"], "fileName": "/srv/sr/orchestrator/media/2025-10-01/person-2025-10-01X23-44-28.jpg", "fileType": "BurstPictureForensic", "messageType": "NewFile", "timeStamp": "2025/10/01 23:44:28"},
{"eventIds": ["person_2025-10-01X23-44-56_108433328"], "fileName": "/srv/sr/orchestrator/media/2025-10-01/person-2025-10-01X23-44-56.jpg", "fileType": "BurstPictureForensic", "messageType": "NewFile", "timeStamp": "2025/10/01 23:44:56"},
{"eventData": {"count": 1, "object": "person", "scores": [0.84814453125], "zone": "New Preset 1"}, "eventType": "person", "id": "person_2025-10-01X23-44-56_108433328", "instrumentName": "person", "isAlert": false, "messageType": "Event", "sensorId": "Camera", "timeStamp": "2025/10/01 23:44:56"},
{"eventData": {"count": 1, "object": "person", "scores": [0.7998046875], "zone": "New Preset 1"}, "eventType": "person", "id": "person_2025-10-01X23-44-59_114032160", "instrumentName": "person", "isAlert": false, "messageType": "Event", "sensorId": "Camera", "timeStamp": "2025/10/01 23:44:59"},
{"eventIds": ["person_2025-10-01X23-44-59_114032160"], "fileName": "/srv/sr/orchestrator/media/2025-10-01/person-2025-10-01X23-44-59.jpg", "fileType": "BurstPictureForensic", "messageType": "NewFile", "timeStamp": "2025/10/01 23:44:59"},
{"eventIds": ["person_2025-10-01X23-45-31_143383327"], "fileName": "/srv/sr/orchestrator/media/2025-10-01/person-2025-10-01X23-45-31.jpg", "fileType": "BurstPictureForensic", "messageType": "NewFile", "timeStamp": "2025/10/01 23:45:31"},
{"eventData": {"count": 1, "object": "person", "scores": [0.64990234375], "zone": "New Preset 1"}, "eventType": "person", "id": "person_2025-10-01X23-45-31_143383327", "instrumentName": "person", "isAlert": false, "messageType": "Event", "sensorId": "Camera", "timeStamp": "2025/10/01 23:45:31"},
{"eventIds": ["person_2025-10-01X23-46-16_187083325"], "fileName": "/srv/sr/orchestrator/media/2025-10-01/person-2025-10-01X23-46-16.jpg", "fileType": "BurstPictureForensic", "messageType": "NewFile", "timeStamp": "2025/10/01 23:46:16"},
{"eventData": {"count": 1, "object": "person", "scores": [0.72607421875], "zone": "New Preset 1"}, "eventType": "person", "id": "person_2025-10-01X23-46-16_187083325", "instrumentName": "person", "isAlert": false, "messageType": "Event", "sensorId": "Camera", "timeStamp": "2025/10/01 23:46:16"},
{"eventData": {"count": 1, "object": "person", "scores": [0.6669921875], "zone": "New Preset 1"}, "eventType": "person", "id": "person_2025-10-01X23-46-47_218099991", "instrumentName": "person", "isAlert": false, "messageType": "Event", "sensorId": "Camera", "timeStamp": "2025/10/01 23:46:47"},
{"eventIds": ["person_2025-10-01X23-46-47_218099991"], "fileName": "/srv/sr/orchestrator/media/2025-10-01/person-2025-10-01X23-46-47.jpg", "fileType": "BurstPictureForensic", "messageType": "NewFile", "timeStamp": "2025/10/01 23:46:47"},
{"eventData": {"count": 1, "object": "person", "scores": [0.90283203125], "zone": "New Preset 1"}, "eventType": "person", "id": "person_2025-10-01X23-46-48_223045178", "instrumentName": "person", "isAlert": false, "messageType": "Event", "sensorId": "Camera", "timeStamp": "2025/10/01 23:46:48"},
{"eventIds": ["person_2025-10-01X23-46-48_223045178"], "fileName": "/srv/sr/orchestrator/media/2025-10-01/person-2025-10-01X23-46-48.jpg", "fileType": "BurstPictureForensic", "messageType": "NewFile", "timeStamp": "2025/10/01 23:46:48"},
{"eventData": {"count": 1, "object": "person", "scores": [0.88818359375], "zone": "New Preset 1"}, "eventType": "person", "id": "person_2025-10-01X23-47-17_247816656", "instrumentName": "person", "isAlert": false, "messageType": "Event", "sensorId": "Camera", "timeStamp": "2025/10/01 23:47:17"},
{"eventIds": ["person_2025-10-01X23-47-17_247816656"], "fileName": "/srv/sr/orchestrator/media/2025-10-01/person-2025-10-01X23-47-17.jpg", "fileType": "BurstPictureForensic", "messageType": "NewFile", "timeStamp": "2025/10/01 23:47:17"},
{"eventData": {"count": 1, "object": "person", "scores": [0.91943359375], "zone": "New Preset 1"}, "eventType": "person", "id": "person_2025-10-01X23-47-18_253404739", "instrumentName": "person", "isAlert": false, "messageType": "Event", "sensorId": "Camera", "timeStamp": "2025/10/01 23:47:18"},
{"eventIds": ["person_2025-10-01X23-47-18_253404739"], "fileName": "/srv/sr/orchestrator/media/2025-10-01/person-2025-10-01X23-47-18.jpg", "fileType": "BurstPictureForensic", "messageType": "NewFile", "timeStamp": "2025/10/01 23:47:18"},
{"eventData": {"count": 2, "object": "person", "scores": [0.87890625, 0.71923828125], "zone": "New Preset 1"}, "eventType": "person", "id": "person_2025-10-01X23-47-48_277499988", "instrumentName": "person", "isAlert": false, "messageType": "Event", "sensorId": "Camera", "timeStamp": "2025/10/01 23:47:48"},
{"eventIds": ["person_2025-10-01X23-47-48_277499988"], "fileName": "/srv/sr/orchestrator/media/2025-10-01/person-2025-10-01X23-47-48.jpg", "fileType": "BurstPictureForensic", "messageType": "NewFile", "timeStamp": "2025/10/01 23:47:48"},
{"eventData": {"count": 1, "object": "person", "scores": [0.94384765625], "zone": "New Preset 1"}, "eventType": "person", "id": "person_2025-10-01X23-47-49_283721582", "instrumentName": "person", "isAlert": false, "messageType": "Event", "sensorId": "Camera", "timeStamp": "2025/10/01 23:47:49"},
{"eventIds": ["person_2025-10-01X23-47-49_283721582"], "fileName": "/srv/sr/orchestrator/media/2025-10-01/person-2025-10-01X23-47-49.jpg", "fileType": "BurstPictureForensic", "messageType": "NewFile", "timeStamp": "2025/10/01 23:47:49"},
{"eventData": {"count": 1, "object": "person", "scores": [0.89453125], "zone": "New Preset 1"}, "eventType": "person", "id": "person_2025-10-01X23-48-18_307099987", "instrumentName": "person", "isAlert": false, "messageType": "Event", "sensorId": "Camera", "timeStamp": "2025/10/01 23:48:18"},
{"eventIds": ["person_2025-10-01X23-48-18_307099987"], "fileName": "/srv/sr/orchestrator/media/2025-10-01/person-2025-10-01X23-48-18.jpg", "fileType": "BurstPictureForensic", "messageType": "NewFile", "timeStamp": "2025/10/01 23:48:18"},
{"eventData": {"count": 1, "object": "person", "scores": [0.9140625], "zone": "New Preset 1"}, "eventType": "person", "id": "person_2025-10-01X23-48-19_314080051", "instrumentName": "person", "isAlert": false, "messageType": "Event", "sensorId": "Camera", "timeStamp": "2025/10/01 23:48:19"},
{"eventIds": ["person_2025-10-01X23-48-19_314080051"], "fileName": "/srv/sr/orchestrator/media/2025-10-01/person-2025-10-01X23-48-19.jpg", "fileType": "BurstPictureForensic", "messageType": "NewFile", "timeStamp": "2025/10/01 23:48:19"},
{"eventData": {"count": 2, "object": "person", "scores": [0.91015625, 0.84912109375], "zone": "New Preset 1"}, "eventType": "person", "id": "person_2025-10-01X23-48-48_336683319", "instrumentName": "person", "isAlert": false, "messageType": "Event", "sensorId": "Camera", "timeStamp": "2025/10/01 23:48:48"},
{"eventIds": ["person_2025-10-01X23-48-48_336683319"], "fileName": "/srv/sr/orchestrator/media/2025-10-01/person-2025-10-01X23-48-48.jpg", "fileType": "BurstPictureForensic", "messageType": "NewFile", "timeStamp": "2025/10/01 23:48:48"},
{"eventData": {"count": 1, "object": "person", "scores": [0.93359375], "zone": "New Preset 1"}, "eventType": "person", "id": "person_2025-10-01X23-48-49_344519672", "instrumentName": "person", "isAlert": false, "messageType": "Event", "sensorId": "Camera", "timeStamp": "2025/10/01 23:48:49"},
{"eventIds": ["person_2025-10-01X23-48-49_344519672"], "fileName": "/srv/sr/orchestrator/media/2025-10-01/person-2025-10-01X23-48-49.jpg", "fileType": "BurstPictureForensic", "messageType": "NewFile", "timeStamp": "2025/10/01 23:48:49"},
{"eventIds": ["person_2025-10-01X23-49-18_366299985"], "fileName": "/srv/sr/orchestrator/media/2025-10-01/person-2025-10-01X23-49-18.jpg", "fileType": "BurstPictureForensic", "messageType": "NewFile", "timeStamp": "2025/10/01 23:49:18"},
{"eventData": {"count": 2, "object": "person", "scores": [0.86474609375, 0.64892578125], "zone": "New Preset 1"}, "eventType": "person", "id": "person_2025-10-01X23-49-18_366299985", "instrumentName": "person", "isAlert": false, "messageType": "Event", "sensorId": "Camera", "timeStamp": "2025/10/01 23:49:18"},
{"eventData": {"count": 1, "object": "person", "scores": [0.92236328125], "zone": "New Preset 1"}, "eventType": "person", "id": "person_2025-10-01X23-49-20_374920043", "instrumentName": "person", "isAlert": false, "messageType": "Event", "sensorId": "Camera", "timeStamp": "2025/10/01 23:49:20"},
{"eventIds": ["person_2025-10-01X23-49-20_374920043"], "fileName": "/srv/sr/orchestrator/media/2025-10-01/person-2025-10-01X23-49-20.jpg", "fileType": "BurstPictureForensic", "messageType": "NewFile", "timeStamp": "2025/10/01 23:49:20"},
{"eventIds": ["person_2025-10-01X23-49-48_395883317"], "fileName": "/srv/sr/orchestrator/media/2025-10-01/person-2025-10-01X23-49-48.jpg", "fileType": "BurstPictureForensic", "messageType": "NewFile", "timeStamp": "2025/10/01 23:49:48"},
{"eventData": {"count": 1, "object": "person", "scores": [0.73876953125], "zone": "New Preset 1"}, "eventType": "person", "id": "person_2025-10-01X23-49-48_395883317", "instrumentName": "person", "isAlert": false, "messageType": "Event", "sensorId": "Camera", "timeStamp": "2025/10/01 23:49:48"},
