{"eventData": {"count": 3, "object": "person", "scores": [0.8310546875, 0.72021484375, 0.6220703125], "zone": "New Preset 1"}, "eventType": "person", "id": "person_2025-10-02X00-12-43_1237532765", "instrumentName": "person", "isAlert": false, "messageType": "Event", "sensorId": "Camera", "timeStamp": "2025/10/02 00:12:43"},
{"eventIds": ["person_2025-10-02X00-12-43_1237532765"], "fileName": "/srv/sr/orchestrator/media/2025-10-02/person-2025-10-02X00-12-43.jpg", "fileType": "BurstPictureForensic", "messageType": "NewFile", "timeStamp": "2025/10/02 00:12:43"},
{"eventData": {"count": 1, "object": "person", "scores": [0.72607421875], "zone": "1"}, "eventType": "person", "id": "person_2025-10-02X00-55-53_2699999", "instrumentName": "person", "isAlert": false, "messageType": "Event", "sensorId": "Camera", "timeStamp": "2025/10/02 00:55:53"},
{"eventIds": ["person_2025-10-02X00-55-53_2699999"], "fileName": "/srv/sr/orchestrator/media/2025-10-02/person-2025-10-02X00-55-53.jpg", "fileType": "BurstPictureForensic", "messageType": "NewFile", "timeStamp": "2025/10/02 00:55:53"},
{"eventIds": ["person_2025-10-02X04-14-13_5533333"], "fileName": "/srv/sr/orchestrator/media/2025-10-02/person-2025-10-02X04-14-13.jpg", "fileType": "BurstPictureForensic", "messageType": "NewFile", "timeStamp": "2025/10/02 04:14:13"},
{"eventData": {"count": 1, "object": "person", "scores": [0.63232421875], "zone": "1"}, "eventType": "person", "id": "person_2025-10-02X04-14-13_5533333", "instrumentName": "person", "isAlert": false, "messageType": "Event", "sensorId": "Camera", "timeStamp": "2025/10/02 04:14:13"},
{"eventData": {"count": 1, "object": "person", "scores": [0.8271484375], "zone": "1"}, "eventType": "person", "id": "person_2025-10-02X04-14-43_2916666", "instrumentName": "person", "isAlert": false, "messageType": "Event", "sensorId": "Camera", "timeStamp": "2025/10/02 04:14:43"},
{"eventIds": ["person_2025-10-02X04-14-43_2916666"], "fileName": "/srv/sr/orchestrator/media/2025-10-02/person-2025-10-02X04-14-43.jpg", "fileType": "BurstPictureForensic", "messageType": "NewFile", "timeStamp": "2025/10/02 04:14:43"},
{"eventData": {"count": 1, "object": "person", "scores": [0.6416015625], "zone": "1"}, "eventType": "person", "id": "person_2025-10-02X04-15-15_34233331", "instrumentName": "person", "isAlert": false, "messageType": "Event", "sensorId": "Camera", "timeStamp": "2025/10/02 04:15:15"},
{"eventIds": ["person_2025-10-02X04-15-15_34233331"], "fileName": "/srv/sr/orchestrator/media/2025-10-02/person-2025-10-02X04-15-15.jpg", "fileType": "BurstPictureForensic", "messageType": "NewFile", "timeStamp": "2025/10/02 04:15:15"},
{"eventIds": ["person_2025-10-02X04-15-52_70516663"], "fileName": "/srv/sr/orchestrator/media/2025-10-02/person-2025-10-02X04-15-52.jpg", "fileType": "BurstPictureForensic", "messageType": "NewFile", "timeStamp": "2025/10/02 04:15:52"},
{"eventData": {"count": 1, "object": "person", "scores": [0.69287109375], "zone": "1"}, "eventType": "person", "id": "person_2025-10-02X04-15-52_70516663", "instrumentName": "person", "isAlert": false, "messageType": "Event", "sensorId": "Camera", "timeStamp": "2025/10/02 04:15:52"},
{"eventIds": ["person_2025-10-02X04-16-33_2799999"], "fileName": "/srv/sr/orchestrator/media/2025-10-02/person-2025-10-02X04-16-33.jpg", "fileType": "BurstPictureForensic", "messageType": "NewFile", "timeStamp": "2025/10/02 04:16:33"},
{"eventData": {"count": 1, "object": "person", "scores": [0.63525390625], "zone": "1"}, "eventType": "person", "id": "person_2025-10-02X04-16-33_2799999", "instrumentName": "person", "isAlert": false, "messageType": "Event", "sensorId": "Camera", "timeStamp": "2025/10/02 04:16:33"},
{"eventData": {"count": 1, "object": "person", "scores": [0.609375], "zone": "1"}, "eventType": "person", "id": "person_2025-10-02X04-17-23_2799999", "instrumentName": "person", "isAlert": false, "messageType": "Event", "sensorId": "Camera", "timeStamp": "2025/10/02 04:17:23"},
{"eventIds": ["person_2025-10-02X04-17-23_2799999"], "fileName": "/srv/sr/orchestrator/media/2025-10-02/person-2025-10-02X04-17-23.jpg", "fileType": "BurstPictureForensic", "messageType": "NewFile", "timeStamp": "2025/10/02 04:17:23"},
{"eventData": {"count": 1, "object": "person", "scores": [0.85498046875], "zone": "1"}, "eventType": "person", "id": "person_2025-10-02X04-17-53_32449998", "instrumentName": "person", "isAlert": false, "messageType": "Event", "sensorId": "Camera", "timeStamp": "2025/10/02 04:17:53"},
{"eventIds": ["person_2025-10-02X04-17-53_32449998"], "fileName": "/srv/sr/orchestrator/media/2025-10-02/person-2025-10-02X04-17-53.jpg", "fileType": "BurstPictureForensic", "messageType": "NewFile", "timeStamp": "2025/10/02 04:17:53"},
{"eventData": {"count": 1, "object": "person", "scores": [0.69189453125], "zone": "1"}, "eventType": "person", "id": "person_2025-10-02X04-18-34_3249999", "instrumentName": "person", "isAlert": false, "messageType": "Event", "sensorId": "Camera", "timeStamp": "2025/10/02 04:18:34"},
{"eventIds": ["person_2025-10-02X04-18-34_3249999"], "fileName": "/srv/sr/orchestrator/media/2025-10-02/person-2025-10-02X04-18-34.jpg", "fileType": "BurstPictureForensic", "messageType": "NewFile", "timeStamp": "2025/10/02 04:18:34"},
{"eventData": {"count": 1, "object": "person", "scores": [0.61767578125], "zone": "1"}, "eventType": "person", "id": "person_2025-10-02X04-19-21_10949999", "instrumentName": "person", "isAlert": false, "messageType": "Event", "sensorId": "Camera", "timeStamp": "2025/10/02 04:19:21"},
{"eventIds": ["person_2025-10-02X04-19-21_10949999"], "fileName": "/srv/sr/orchestrator/media/2025-10-02/person-2025-10-02X04-19-21.jpg", "fileType": "BurstPictureForensic", "messageType": "NewFile", "timeStamp": "2025/10/02 04:19:21"},
{"eventIds": ["person_2025-10-02X04-19-52_40699998"], "fileName": "/srv/sr/orchestrator/media/2025-10-02/person-2025-10-02X04-19-52.jpg", "fileType": "BurstPictureForensic", "messageType": "NewFile", "timeStamp": "2025/10/02 04:19:52"},
{"eventData": {"count": 1, "object": "person", "scores": [0.69287109375], "zone": "1"}, "eventType": "person", "id": "person_2025-10-02X04-19-52_40699998", "instrumentName": "person", "isAlert": false, "messageType": "Event", "sensorId": "Camera", "timeStamp": "2025/10/02 04:19:52"},
{"eventData": {"count": 1, "object": "person", "scores": [0.666015625], "zone": "1"}, "eventType": "person", "id": "person_2025-10-02X04-20-21_10133332", "instrumentName": "person", "isAlert": false, "messageType": "Event", "sensorId": "Camera", "timeStamp": "2025/10/02 04:20:21"},
{"eventIds": ["person_2025-10-02X04-20-21_10133332"], "fileName": "/srv/sr/orchestrator/media/2025-10-02/person-2025-10-02X04-20-21.jpg", "fileType": "BurstPictureForensic", "messageType": "NewFile", "timeStamp": "2025/10/02 04:20:21"},
{"eventIds": ["person_2025-10-02X04-20-51_40299998"], "fileName": "/srv/sr/orchestrator/media/2025-10-02/person-2025-10-02X04-20-51.jpg", "fileType": "BurstPictureForensic", "messageType": "NewFile", "timeStamp": "2025/10/02 04:20:51"},
{"eventData": {"count": 1, "object": "person", "scores": [0.73046875], "zone": "1"}, "eventType": "person", "id": "person_2025-10-02X04-20-51_40299998", "instrumentName": "person", "isAlert": false, "messageType": "Event", "sensorId": "Camera", "timeStamp": "2025/10/02 04:20:51"},
{"eventIds": ["person_2025-10-02X04-21-21_69883330"], "fileName": "/srv/sr/orchestrator/media/2025-10-02/person-2025-10-02X04-21-21.jpg", "fileType": "BurstPictureForensic", "messageType": "NewFile", "timeStamp": "2025/10/02 04:21:21"},
{"eventData": {"count": 1, "object": "person", "scores": [0.7255859375], "zone": "1"}, "eventType": "person", "id": "person_2025-10-02X04-21-21_69883330", "instrumentName": "person", "isAlert": false, "messageType": "Event", "sensorId": "Camera", "timeStamp": "2025/10/02 04:21:21"},
{"eventIds": ["person_2025-10-02X04-21-51_99533329"], "fileName": "/srv/sr/orchestrator/media/2025-10-02/person-2025-10-02X04-21-51.jpg", "fileType": "BurstPictureForensic", "messageType": "NewFile", "timeStamp": "2025/10/02 04:21:51"},
{"eventData": {"count": 1, "object": "person", "scores": [0.7900390625], "zone": "1"}, "eventType": "person", "id": "person_2025-10-02X04-21-51_99533329", "instrumentName": "person", "isAlert": false, "messageType": "Event", "sensorId": "Camera", "timeStamp": "2025/10/02 04:21:51"},
{"eventData": {"count": 1, "object": "person", "scores": [0.73193359375], "zone": "1"}, "eventType": "person", "id": "person_2025-10-02X04-22-22_129333328", "instrumentName": "person", "isAlert": false, "messageType": "Event", "sensorId": "Camera", "timeStamp": "2025/10/02 04:22:22"},
{"eventIds": ["person_2025-10-02X04-22-22_129333328"], "fileName": "/srv/sr/orchestrator/media/2025-10-02/person-2025-10-02X04-22-22.jpg", "fileType": "BurstPictureForensic", "messageType": "NewFile", "timeStamp": "2025/10/02 04:22:22"},
{"eventData": {"count": 1, "object": "person", "scores": [0.62890625], "zone": "1"}, "eventType": "person", "id": "person_2025-10-02X04-22-43_2683333", "instrumentName": "person", "isAlert": false, "messageType": "Event", "sensorId": "Camera", "timeStamp": "2025/10/02 04:22:43"},
{"eventIds": ["person_2025-10-02X04-22-43_2683333"], "fileName": "/srv/sr/orchestrator/media/2025-10-02/person-2025-10-02X04-22-43.jpg", "fileType": "BurstPictureForensic", "messageType": "NewFile", "timeStamp": "2025/10/02 04:22:43"},
{"eventData": {"count": 1, "object": "person", "scores": [0.62841796875], "zone": "1"}, "eventType": "person", "id": "person_2025-10-02X04-23-21_10083332", "instrumentName": "person", "isAlert": false, "messageType": "Event", "sensorId": "Camera", "timeStamp": "2025/10/02 04:23:21"},
{"eventIds": ["person_2025-10-02X04-23-21_10083332"], "fileName": "/srv/sr/orchestrator/media/2025-10-02/person-2025-10-02X04-23-21.jpg", "fileType": "BurstPictureForensic", "messageType": "NewFile", "timeStamp": "2025/10/02 04:23:21"},
{"eventData": {"count": 1, "object": "person", "scores": [0.64404296875], "zone": "1"}, "eventType": "person", "id": "person_2025-10-02X04-23-51_39983331", "instrumentName": "person", "isAlert": false, "messageType": "Event", "sensorId": "Camera", "timeStamp": "2025/10/02 04:23:51"},
{"eventIds": ["person_2025-10-02X04-23-51_39983331"], "fileName": "/srv/sr/orchestrator/media/2025-10-02/person-2025-10-02X04-23-51.jpg", "fileType": "BurstPictureForensic", "messageType": "NewFile", "timeStamp": "2025/10/02 04:23:51"},
{"eventData": {"count": 1, "object": "person", "scores": [0.69921875], "zone": "1"}, "eventType": "person", "id": "person_2025-10-02X04-24-22_11716666", "instrumentName": "person", "isAlert": false, "messageType": "Event", "sensorId": "Camera", "timeStamp": "2025/10/02 04:24:22"},
{"eventIds": ["person_2025-10-02X04-24-22_11716666"], "fileName": "/srv/sr/orchestrator/media/2025-10-02/person-2025-10-02X04-24-22.jpg", "fileType": "BurstPictureForensic", "messageType": "NewFile", "timeStamp": "2025/10/02 04:24:22"},
{"eventIds": ["person_2025-10-02X04-29-18_18216665"], "fileName": "/srv/sr/orchestrator/media/2025-10-02/person-2025-10-02X04-29-18.jpg", "fileType": "BurstPictureForensic", "messageType": "NewFile", "timeStamp": "2025/10/02 04:29:18"},
{"eventData": {"count": 2, "object": "person", "scores": [0.837890625, 0.69091796875], "zone": "1"}, "eventType": "person", "id": "person_2025-10-02X04-29-18_18216665", "instrumentName": "person", "isAlert": false, "messageType": "Event", "sensorId": "Camera", "timeStamp": "2025/10/02 04:29:18"},
{"eventData": {"count": 1, "object": "person", "scores": [0.81787109375], "zone": "1"}, "eventType": "person", "id": "person_2025-10-02X04-29-51_50716664", "instrumentName": "person", "isAlert": false, "messageType": "Event", "sensorId": "Camera", "timeStamp": "2025/10/02 04:29:51"},
{"eventIds": ["person_2025-10-02X04-29-51_50716664"], "fileName": "/srv/sr/orchestrator/media/2025-10-02/person-2025-10-02X04-29-51.jpg", "fileType": "BurstPictureForensic", "messageType": "NewFile", "timeStamp": "2025/10/02 04:29:51"},
{"eventData": {"count": 1, "object": "person", "scores": [0.76416015625], "zone": "1"}, "eventType": "person", "id": "person_2025-10-02X04-30-27_86283329", "instrumentName": "person", "isAlert": false, "messageType": "Event", "sensorId": "Camera", "timeStamp": "2025/10/02 04:30:27"},
{"eventIds": ["person_2025-10-02X04-30-27_86283329"], "fileName": "/srv/sr/orchestrator/media/2025-10-02/person-2025-10-02X04-30-27.jpg", "fileType": "BurstPictureForensic", "messageType": "NewFile", "timeStamp": "2025/10/02 04:30:27"},
{"eventIds": ["person_2025-10-02X04-33-28_15716666"], "fileName": "/srv/sr/orchestrator/media/2025-10-02/person-2025-10-02X04-33-28.jpg", "fileType": "BurstPictureForensic", "messageType": "NewFile", "timeStamp": "2025/10/02 04:33:28"},
{"eventData": {"count": 1, "object": "person", "scores": [0.7138671875], "zone": "1"}, "eventType": "person", "id": "person_2025-10-02X04-33-28_15716666", "instrumentName": "person", "isAlert": false, "messageType": "Event", "sensorId": "Camera", "timeStamp": "2025/10/02 04:33:28"},
{"eventData": {"count": 1, "object": "person", "scores": [0.63037109375], "zone": "1"}, "eventType": "person", "id": "person_2025-10-02X04-34-00_46983331", "instrumentName": "person", "isAlert": false, "messageType": "Event", "sensorId": "Camera", "timeStamp": "2025/10/02 04:34:00"},
{"eventIds": ["person_2025-10-02X04-34-00_46983331"], "fileName": "/srv/sr/orchestrator/media/2025-10-02/person-2025-10-02X04-34-00.jpg", "fileType": "BurstPictureForensic", "messageType": "NewFile", "timeStamp": "2025/10/02 04:34:00"},
{"eventData": {"count": 1, "object": "person", "scores": [0.6337890625], "zone": "1"}, "eventType": "person", "id": "person_2025-10-02X04-34-27_6633333", "instrumentName": "person", "isAlert": false, "messageType": "Event", "sensorId": "Camera", "timeStamp": "2025/10/02 04:34:27"},
{"eventIds": ["person_2025-10-02X04-34-27_6633333"], "fileName": "/srv/sr/orchestrator/media/2025-10-02/person-2025-10-02X04-34-27.jpg", "fileType": "BurstPictureForensic", "messageType": "NewFile", "timeStamp": "2025/10/02 04:34:27"},
{"eventIds": ["person_2025-10-02X04-35-02_41033331"], "fileName": "/srv/sr/orchestrator/media/2025-10-02/person-2025-10-02X04-35-02.jpg", "fileType": "BurstPictureForensic", "messageType": "NewFile", "timeStamp": "2025/10/02 04:35:02"},
{"eventData": {"count": 1, "object": "person", "scores": [0.779296875], "zone": "1"}, "eventType": "person", "id": "person_2025-10-02X04-35-02_41033331", "instrumentName": "person", "isAlert": false, "messageType": "Event", "sensorId": "Camera", "timeStamp": "2025/10/02 04:35:02"},
{"eventData": {"count": 1, "object": "person", "scores": [0.81201171875], "zone": "1"}, "eventType": "person", "id": "person_2025-10-02X04-35-04_42963585", "instrumentName": "person", "isAlert": false, "messageType": "Event", "sensorId": "Camera", "timeStamp": "2025/10/02 04:35:04"},
{"eventIds": ["person_2025-10-02X04-35-04_42963585"], "fileName": "/srv/sr/orchestrator/media/2025-10-02/person-2025-10-02X04-35-04.jpg", "fileType": "BurstPictureForensic", "messageType": "NewFile", "timeStamp": "2025/10/02 04:35:04"},
{"eventIds": ["person_2025-10-02X04-35-57_95133329"], "fileName": "/srv/sr/orchestrator/media/2025-10-02/person-2025-10-02X04-35-57.jpg", "fileType": "BurstPictureForensic", "messageType": "NewFile", "timeStamp": "2025/10/02 04:35:57"},
{"eventData": {"count": 1, "object": "person", "scores": [0.60498046875], "zone": "1"}, "eventType": "person", "id": "person_2025-10-02X04-35-57_95133329", "instrumentName": "person", "isAlert": false, "messageType": "Event", "sensorId": "Camera", "timeStamp": "2025/10/02 04:35:57"},
{"eventData": {"count": 1, "object": "person", "scores": [0.62060546875], "zone": "1"}, "eventType": "person", "id": "person_2025-10-02X04-37-23_41433331", "instrumentName": "person", "isAlert": false, "messageType": "Event", "sensorId": "Camera", "timeStamp": "2025/10/02 04:37:23"},
{"eventIds": ["person_2025-10-02X04-37-23_41433331"], "fileName": "/srv/sr/orchestrator/media/2025-10-02/person-2025-10-02X04-37-23.jpg", "fileType": "BurstPictureForensic", "messageType": "NewFile", "timeStamp": "2025/10/02 04:37:23"},
{"eventData": {"count": 1, "object": "person", "scores": [0.6103515625], "zone": "1"}, "eventType": "person", "id": "person_2025-10-02X04-37-53_2544100", "instrumentName": "person", "isAlert": false, "messageType": "Event", "sensorId": "Camera", "timeStamp": "2025/10/02 04:37:53"},
{"eventIds": ["person_2025-10-02X04-37-53_2544100"], "fileName": "/srv/sr/orchestrator/media/2025-10-02/person-2025-10-02X04-37-53.jpg", "fileType": "BurstPictureForensic", "messageType": "NewFile", "timeStamp": "2025/10/02 04:37:53"},
{"eventData": {"count": 1, "object": "person", "scores": [0.68017578125], "zone": "1"}, "eventType": "person", "id": "person_2025-10-02X04-38-26_34683331", "instrumentName": "person", "isAlert": false, "messageType": "Event", "sensorId": "Camera", "timeStamp": "2025/10/02 04:38:26"},
{"eventIds": ["person_2025-10-02X04-38-26_34683331"], "fileName": "/srv/sr/orchestrator/media/2025-10-02/person-2025-10-02X04-38-26.jpg", "fileType": "BurstPictureForensic", "messageType": "NewFile", "timeStamp": "2025/10/02 04:38:26"},
{"eventData": {"count": 1, "object": "person", "scores": [0.69873046875], "zone": "1"}, "eventType": "person", "id": "person_2025-10-02X04-42-19_6916666", "instrumentName": "person", "isAlert": false, "messageType": "Event", "sensorId": "Camera", "timeStamp": "2025/10/02 04:42:19"},
{"eventIds": ["person_2025-10-02X04-42-19_6916666"], "fileName": "/srv/sr/orchestrator/media/2025-10-02/person-2025-10-02X04-42-19.jpg", "fileType": "BurstPictureForensic", "messageType": "NewFile", "timeStamp": "2025/10/02 04:42:19"},
{"eventIds": ["person_2025-10-02X04-42-49_36433331"], "fileName": "/srv/sr/orchestrator/media/2025-10-02/person-2025-10-02X04-42-49.jpg", "fileType": "BurstPictureForensic", "messageType": "NewFile", "timeStamp": "2025/10/02 04:42:49"},
{"eventData": {"count": 1, "object": "person", "scores": [0.63134765625], "zone": "1"}, "eventType": "person", "id": "person_2025-10-02X04-42-49_36433331", "instrumentName": "person", "isAlert": false, "messageType": "Event", "sensorId": "Camera", "timeStamp": "2025/10/02 04:42:49"},
{"eventData": {"count": 1, "object": "person", "scores": [0.65380859375], "zone": "1"}, "eventType": "person", "id": "person_2025-10-02X04-44-04_2683333", "instrumentName": "person", "isAlert": false, "messageType": "Event", "sensorId": "Camera", "timeStamp": "2025/10/02 04:44:04"},
{"eventIds": ["person_2025-10-02X04-44-04_2683333"], "fileName": "/srv/sr/orchestrator/media/2025-10-02/person-2025-10-02X04-44-04.jpg", "fileType": "BurstPictureForensic", "messageType": "NewFile", "timeStamp": "2025/10/02 04:44:04"},
{"eventData": {"count": 1, "object": "person", "scores": [0.640625], "zone": "1"}, "eventType": "person", "id": "person_2025-10-02X04-44-34_2683333", "instrumentName": "person", "isAlert": false, "messageType": "Event", "sensorId": "Camera", "timeStamp": "2025/10/02 04:44:34"},
{"eventIds": ["person_2025-10-02X04-44-34_2683333"], "fileName": "/srv/sr/orchestrator/media/2025-10-02/person-2025-10-02X04-44-34.jpg", "fileType": "BurstPictureForensic", "messageType": "NewFile", "timeStamp": "2025/10/02 04:44:34"},
{"eventData": {"count": 1, "object": "person", "scores": [0.609375], "zone": "1"}, "eventType": "person", "id": "person_2025-10-02X04-45-15_43416664", "instrumentName": "person", "isAlert": false, "messageType": "Event", "sensorId": "Camera", "timeStamp": "2025/10/02 04:45:15"},
{"eventIds": ["person_2025-10-02X04-45-15_43416664"], "fileName": "/srv/sr/orchestrator/media/2025-10-02/person-2025-10-02X04-45-15.jpg", "fileType": "BurstPictureForensic", "messageType": "NewFile", "timeStamp": "2025/10/02 04:45:15"},
{"eventIds": ["person_2025-10-02X04-46-05_92683329"], "fileName": "/srv/sr/orchestrator/media/2025-10-02/person-2025-10-02X04-46-05.jpg", "fileType": "BurstPictureForensic", "messageType": "NewFile", "timeStamp": "2025/10/02 04:46:05"},
{"eventData": {"count": 1, "object": "person", "scores": [0.625], "zone": "1"}, "eventType": "person", "id": "person_2025-10-02X04-46-05_92683329", "instrumentName": "person", "isAlert": false, "messageType": "Event", "sensorId": "Camera", "timeStamp": "2025/10/02 04:46:05"},
{"eventData": {"count": 1, "object": "person", "scores": [0.68505859375], "zone": "1"}, "eventType": "person", "id": "person_2025-10-02X04-46-35_122599995", "instrumentName": "person", "isAlert": false, "messageType": "Event", "sensorId": "Camera", "timeStamp": "2025/10/02 04:46:35"},
{"eventIds": ["person_2025-10-02X04-46-35_122599995"], "fileName": "/srv/sr/orchestrator/media/2025-10-02/person-2025-10-02X04-46-35.jpg", "fileType": "BurstPictureForensic", "messageType": "NewFile", "timeStamp": "2025/10/02 04:46:35"},
{"eventIds": ["person_2025-10-02X04-49-35_12999999"], "fileName": "/srv/sr/orchestrator/media/2025-10-02/person-2025-10-02X04-49-35.jpg", "fileType": "BurstPictureForensic", "messageType": "NewFile", "timeStamp": "2025/10/02 04:49:35"},
{"eventData": {"count": 1, "object": "person", "scores": [0.7431640625], "zone": "1"}, "eventType": "person", "id": "person_2025-10-02X04-49-35_12999999", "instrumentName": "person", "isAlert": false, "messageType": "Event", "sensorId": "Camera", "timeStamp": "2025/10/02 04:49:35"},
{"eventIds": ["person_2025-10-02X04-50-17_54333331"], "fileName": "/srv/sr/orchestrator/media/2025-10-02/person-2025-10-02X04-50-17.jpg", "fileType": "BurstPictureForensic", "messageType": "NewFile", "timeStamp": "2025/10/02 04:50:17"},
{"eventData": {"count": 1, "object": "person", "scores": [0.62353515625], "zone": "1"}, "eventType": "person", "id": "person_2025-10-02X04-50-17_54333331", "instrumentName": "person", "isAlert": false, "messageType": "Event", "sensorId": "Camera", "timeStamp": "2025/10/02 04:50:17"},
{"eventData": {"count": 1, "object": "person", "scores": [0.64404296875], "zone": "1"}, "eventType": "person", "id": "person_2025-10-02X04-50-52_88883329", "instrumentName": "person", "isAlert": false, "messageType": "Event", "sensorId": "Camera", "timeStamp": "2025/10/02 04:50:52"},
{"eventIds": ["person_2025-10-02X04-50-52_88883329"], "fileName": "/srv/sr/orchestrator/media/2025-10-02/person-2025-10-02X04-50-52.jpg", "fileType": "BurstPictureForensic", "messageType": "NewFile", "timeStamp": "2025/10/02 04:50:52"},
{"eventData": {"count": 1, "object": "person", "scores": [0.60791015625], "zone": "1"}, "eventType": "person", "id": "person_2025-10-02X05-01-44_23116665", "instrumentName": "person", "isAlert": false, "messageType": "Event", "sensorId": "Camera", "timeStamp": "2025/10/02 05:01:44"},
{"eventIds": ["person_2025-10-02X05-01-44_23116665"], "fileName": "/srv/sr/orchestrator/media/2025-10-02/person-2025-10-02X05-01-44.jpg", "fileType": "BurstPictureForensic", "messageType": "NewFile", "timeStamp": "2025/10/02 05:01:44"},
{"eventIds": ["person_2025-10-02X05-02-33_2516666"], "fileName": "/srv/sr/orchestrator/media/2025-10-02/person-2025-10-02X05-02-33.jpg", "fileType": "BurstPictureForensic", "messageType": "NewFile", "timeStamp": "2025/10/02 05:02:33"},
{"eventData": {"count": 1, "object": "person", "scores": [0.74755859375], "zone": "1"}, "eventType": "person", "id": "person_2025-10-02X05-02-33_2516666", "instrumentName": "person", "isAlert": false, "messageType": "Event", "sensorId": "Camera", "timeStamp": "2025/10/02 05:02:33"},
{"eventData": {"count": 1, "object": "person", "scores": [0.84619140625], "zone": "1"}, "eventType": "person", "id": "person_2025-10-02X05-07-46_310816654", "instrumentName": "person", "isAlert": false, "messageType": "Event", "sensorId": "Camera", "timeStamp": "2025/10/02 05:07:46"},
{"eventIds": ["person_2025-10-02X05-07-46_310816654"], "fileName": "/srv/sr/orchestrator/media/2025-10-02/person-2025-10-02X05-07-46.jpg", "fileType": "BurstPictureForensic", "messageType": "NewFile", "timeStamp": "2025/10/02 05:07:46"},
{"eventData": {"count": 2, "object": "person", "scores": [0.90625, 0.798828125], "zone": "1"}, "eventType": "person", "id": "person_2025-10-02X05-07-48_316061521", "instrumentName": "person", "isAlert": false, "messageType": "Event", "sensorId": "Camera", "timeStamp": "2025/10/02 05:07:48"},
{"eventIds": ["person_2025-10-02X05-07-48_316061521"], "fileName": "/srv/sr/orchestrator/media/2025-10-02/person-2025-10-02X05-07-48.jpg", "fileType": "BurstPictureForensic", "messageType": "NewFile", "timeStamp": "2025/10/02 05:07:48"},
{"eventData": {"count": 1, "object": "person", "scores": [0.8076171875], "zone": "1"}, "eventType": "person", "id": "person_2025-10-02X05-08-16_340383319", "instrumentName": "person", "isAlert": false, "messageType": "Event", "sensorId": "Camera", "timeStamp": "2025/10/02 05:08:16"},
{"eventIds": ["person_2025-10-02X05-08-16_340383319"], "fileName": "/srv/sr/orchestrator/media/2025-10-02/person-2025-10-02X05-08-16.jpg", "fileType": "BurstPictureForensic", "messageType": "NewFile", "timeStamp": "2025/10/02 05:08:16"},
{"eventData": {"count": 1, "object": "person", "scores": [0.9462890625], "zone": "1"}, "eventType": "person", "id": "person_2025-10-02X05-08-18_347418367", "instrumentName": "person", "isAlert": false, "messageType": "Event", "sensorId": "Camera", "timeStamp": "2025/10/02 05:08:18"},
{"eventIds": ["person_2025-10-02X05-08-18_347418367"], "fileName": "/srv/sr/orchestrator/media/2025-10-02/person-2025-10-02X05-08-18.jpg", "fileType": "BurstPictureForensic", "messageType": "NewFile", "timeStamp": "2025/10/02 05:08:18"},
{"eventData": {"count": 1, "object": "person", "scores": [0.8134765625], "zone": "1"}, "eventType": "person", "id": "person_2025-10-02X05-08-46_370266651", "instrumentName": "person", "isAlert": false, "messageType": "Event", "sensorId": "Camera", "timeStamp": "2025/10/02 05:08:46"},
{"eventIds": ["person_2025-10-02X05-08-46_370266651"], "fileName": "/srv/sr/orchestrator/media/2025-10-02/person-2025-10-02X05-08-46.jpg", "fileType": "BurstPictureForensic", "messageType": "NewFile", "timeStamp": "2025/10/02 05:08:46"},
{"eventData": {"count": 1, "object": "person", "scores": [0.92333984375], "zone": "1"}, "eventType": "person", "id": "person_2025-10-02X05-08-48_377817410", "instrumentName": "person", "isAlert": false, "messageType": "Event", "sensorId": "Camera", "timeStamp": "2025/10/02 05:08:48"},
{"eventIds": ["person_2025-10-02X05-08-48_377817410"], "fileName": "/srv/sr/orchestrator/media/2025-10-02/person-2025-10-02X05-08-48.jpg", "fileType": "BurstPictureForensic", "messageType": "NewFile", "timeStamp": "2025/10/02 05:08:48"},
{"eventData": {"count": 1, "object": "person", "scores": [0.73583984375], "zone": "1"}, "eventType": "person", "id": "person_2025-10-02X05-09-19_408056826", "instrumentName": "person", "isAlert": false, "messageType": "Event", "sensorId": "Camera", "timeStamp": "2025/10/02 05:09:19"},
{"eventIds": ["person_2025-10-02X05-09-19_408056826"], "fileName": "/srv/sr/orchestrator/media/2025-10-02/person-2025-10-02X05-09-19.jpg", "fileType": "BurstPictureForensic", "messageType": "NewFile", "timeStamp": "2025/10/02 05:09:19"},
{"eventData": {"count": 1, "object": "leopard", "scores": [0.70068359375], "zone": "west"}, "eventType": "leopard", "id": "leopard_2025-10-02X05-11-58_8970226", "instrumentName": "leopard", "isAlert": true, "messageType": "Event", "sensorId": "Camera", "timeStamp": "2025/10/02 05:11:58"},
{"eventIds": ["leopard_2025-10-02X05-11-58_8970226"], "fileName": "/srv/sr/orchestrator/media/2025-10-02/leopard-2025-10-02X05-11-58.jpg", "fileType": "BurstPictureForensic", "messageType": "NewFile", "timeStamp": "2025/10/02 05:11:58"},
{"eventIds": ["person_2025-10-02X05-38-58_64049997"], "fileName": "/srv/sr/orchestrator/media/2025-10-02/person-2025-10-02X05-38-58.jpg", "fileType": "BurstPictureForensic", "messageType": "NewFile", "timeStamp": "2025/10/02 05:38:58"},
{"eventData": {"count": 1, "object": "person", "scores": [0.64599609375], "zone": "south"}, "eventType": "person", "id": "person_2025-10-02X05-38-58_64049997", "instrumentName": "person", "isAlert": false, "messageType": "Event", "sensorId": "Camera", "timeStamp": "2025/10/02 05:38:58"},
{"eventData": {"count": 1, "object": "person", "scores": [0.740234375], "zone": "south"}, "eventType": "person", "id": "person_2025-10-02X05-39-02_69187004", "instrumentName": "person", "isAlert": false, "messageType": "Event", "sensorId": "Camera", "timeStamp": "2025/10/02 05:39:02"},
{"eventIds": ["person_2025-10-02X05-39-02_69187004"], "fileName": "/srv/sr/orchestrator/media/2025-10-02/person-2025-10-02X05-39-02.jpg", "fileType": "BurstPictureForensic", "messageType": "NewFile", "timeStamp": "2025/10/02 05:39:02"},
{"eventIds": ["person_2025-10-02X05-39-48_113166662"], "fileName": "/srv/sr/orchestrator/media/2025-10-02/person-2025-10-02X05-39-48.jpg", "fileType": "BurstPictureForensic", "messageType": "NewFile", "timeStamp": "2025/10/02 05:39:48"},
{"eventData": {"count": 1, "object": "person", "scores": [0.72314453125], "zone": "west"}, "eventType": "person", "id": "person_2025-10-02X05-39-48_113166662", "instrumentName": "person", "isAlert": false, "messageType": "Event", "sensorId": "Camera", "timeStamp": "2025/10/02 05:39:48"},
{"eventData": {"count": 1, "object": "person", "scores": [0.80078125], "zone": "east"}, "eventType": "person", "id": "person_2025-10-02X05-40-09_136853155", "instrumentName": "person", "isAlert": false, "messageType": "Event", "sensorId": "Camera", "timeStamp": "2025/10/02 05:40:09"},
{"eventIds": ["person_2025-10-02X05-40-09_136853155"], "fileName": "/srv/sr/orchestrator/media/2025-10-02/person-2025-10-02X05-40-09.jpg", "fileType": "BurstPictureForensic", "messageType": "NewFile", "timeStamp": "2025/10/02 05:40:09"},
{"eventData": {"count": 2, "object": "person", "scores": [0.84228515625, 0.83544921875], "zone": "west"}, "eventType": "person", "id": "person_2025-10-02X05-44-29_34333331", "instrumentName": "person", "isAlert": false, "messageType": "Event", "sensorId": "Camera", "timeStamp": "2025/10/02 05:44:29"},
{"eventIds": ["person_2025-10-02X05-44-29_34333331"], "fileName": "/srv/sr/orchestrator/media/2025-10-02/person-2025-10-02X05-44-29.jpg", "fileType": "BurstPictureForensic", "messageType": "NewFile", "timeStamp": "2025/10/02 05:44:29"},
{"eventData": {"count": 1, "object": "person", "scores": [0.703125], "zone": "west"}, "eventType": "person", "id": "person_2025-10-02X05-46-27_14216666", "instrumentName": "person", "isAlert": false, "messageType": "Event", "sensorId": "Camera", "timeStamp": "2025/10/02 05:46:27"},
{"eventIds": ["person_2025-10-02X05-46-27_14216666"], "fileName": "/srv/sr/orchestrator/media/2025-10-02/person-2025-10-02X05-46-27.jpg", "fileType": "BurstPictureForensic", "messageType": "NewFile", "timeStamp": "2025/10/02 05:46:27"},
{"eventData": {"count": 1, "object": "person", "scores": [0.8759765625], "zone": "south"}, "eventType": "person", "id": "person_2025-10-02X05-46-56_2983333", "instrumentName": "person", "isAlert": false, "messageType": "Event", "sensorId": "Camera", "timeStamp": "2025/10/02 05:46:56"},
{"eventIds": ["person_2025-10-02X05-46-56_2983333"], "fileName": "/srv/sr/orchestrator/media/2025-10-02/person-2025-10-02X05-46-56.jpg", "fileType": "BurstPictureForensic", "messageType": "NewFile", "timeStamp": "2025/10/02 05:46:56"},
{"eventData": {"count": 1, "object": "person", "scores": [0.60400390625], "zone": "south"}, "eventType": "person", "id": "person_2025-10-02X05-47-58_5249999", "instrumentName": "person", "isAlert": false, "messageType": "Event", "sensorId": "Camera", "timeStamp": "2025/10/02 05:47:58"},
{"eventIds": ["person_2025-10-02X05-47-58_5249999"], "fileName": "/srv/sr/orchestrator/media/2025-10-02/person-2025-10-02X05-47-58.jpg", "fileType": "BurstPictureForensic", "messageType": "NewFile", "timeStamp": "2025/10/02 05:47:58"},
{"eventData": {"count": 1, "object": "person", "scores": [0.7255859375], "zone": "west"}, "eventType": "person", "id": "person_2025-10-02X05-48-28_34683331", "instrumentName": "person", "isAlert": false, "messageType": "Event", "sensorId": "Camera", "timeStamp": "2025/10/02 05:48:28"},
{"eventIds": ["person_2025-10-02X05-48-28_34683331"], "fileName": "/srv/sr/orchestrator/media/2025-10-02/person-2025-10-02X05-48-28.jpg", "fileType": "BurstPictureForensic", "messageType": "NewFile", "timeStamp": "2025/10/02 05:48:28"},
{"eventData": {"count": 1, "object": "person", "scores": [0.6298828125], "zone": "south"}, "eventType": "person", "id": "person_2025-10-02X05-49-19_85083329", "instrumentName": "person", "isAlert": false, "messageType": "Event", "sensorId": "Camera", "timeStamp": "2025/10/02 05:49:19"},
{"eventIds": ["person_2025-10-02X05-49-19_85083329"], "fileName": "/srv/sr/orchestrator/media/2025-10-02/person-2025-10-02X05-49-19.jpg", "fileType": "BurstPictureForensic", "messageType": "NewFile", "timeStamp": "2025/10/02 05:49:19"},
{"eventData": {"count": 1, "object": "person", "scores": [0.615234375], "zone": "south"}, "eventType": "person", "id": "person_2025-10-02X05-51-14_50566664", "instrumentName": "person", "isAlert": false, "messageType": "Event", "sensorId": "Camera", "timeStamp": "2025/10/02 05:51:14"},
{"eventIds": ["person_2025-10-02X05-51-14_50566664"], "fileName": "/srv/sr/orchestrator/media/2025-10-02/person-2025-10-02X05-51-14.jpg", "fileType": "BurstPictureForensic", "messageType": "NewFile", "timeStamp": "2025/10/02 05:51:14"},
{"eventData": {"count": 1, "object": "person", "scores": [0.69970703125], "zone": "south"}, "eventType": "person", "id": "person_2025-10-02X05-51-58_93899996", "instrumentName": "person", "isAlert": false, "messageType": "Event", "sensorId": "Camera", "timeStamp": "2025/10/02 05:51:58"},
{"eventIds": ["person_2025-10-02X05-51-58_93899996"], "fileName": "/srv/sr/orchestrator/media/2025-10-02/person-2025-10-02X05-51-58.jpg", "fileType": "BurstPictureForensic", "messageType": "NewFile", "timeStamp": "2025/10/02 05:51:58"},
{"eventData": {"count": 1, "object": "person", "scores": [0.78271484375], "zone": "west"}, "eventType": "person", "id": "person_2025-10-02X05-53-23_177549992", "instrumentName": "person", "isAlert": false, "messageType": "Event", "sensorId": "Camera", "timeStamp": "2025/10/02 05:53:23"},
{"eventIds": ["person_2025-10-02X05-53-23_177549992"], "fileName": "/srv/sr/orchestrator/media/2025-10-02/person-2025-10-02X05-53-23.jpg", "fileType": "BurstPictureForensic", "messageType": "NewFile", "timeStamp": "2025/10/02 05:53:23"},
{"eventData": {"count": 1, "object": "person", "scores": [0.62060546875], "zone": "south"}, "eventType": "person", "id": "person_2025-10-02X05-53-55_2533333", "instrumentName": "person", "isAlert": false, "messageType": "Event", "sensorId": "Camera", "timeStamp": "2025/10/02 05:53:55"},
{"eventIds": ["person_2025-10-02X05-53-55_2533333"], "fileName": "/srv/sr/orchestrator/media/2025-10-02/person-2025-10-02X05-53-55.jpg", "fileType": "BurstPictureForensic", "messageType": "NewFile", "timeStamp": "2025/10/02 05:53:55"},
{"eventData": {"count": 1, "object": "person", "scores": [0.61962890625], "zone": "east"}, "eventType": "person", "id": "person_2025-10-02X05-54-25_32116665", "instrumentName": "person", "isAlert": false, "messageType": "Event", "sensorId": "Camera", "timeStamp": "2025/10/02 05:54:25"},
{"eventIds": ["person_2025-10-02X05-54-25_32116665"], "fileName": "/srv/sr/orchestrator/media/2025-10-02/person-2025-10-02X05-54-25.jpg", "fileType": "BurstPictureForensic", "messageType": "NewFile", "timeStamp": "2025/10/02 05:54:25"},
{"eventData": {"count": 1, "object": "person", "scores": [0.79150390625], "zone": "east"}, "eventType": "person", "id": "person_2025-10-02X05-54-31_38430009", "instrumentName": "person", "isAlert": false, "messageType": "Event", "sensorId": "Camera", "timeStamp": "2025/10/02 05:54:31"},
{"eventIds": ["person_2025-10-02X05-54-31_38430009"], "fileName": "/srv/sr/orchestrator/media/2025-10-02/person-2025-10-02X05-54-31.jpg", "fileType": "BurstPictureForensic", "messageType": "NewFile", "timeStamp": "2025/10/02 05:54:31"},
{"eventData": {"count": 1, "object": "person", "scores": [0.6875], "zone": "east"}, "eventType": "person", "id": "person_2025-10-02X05-55-03_69149997", "instrumentName": "person", "isAlert": false, "messageType": "Event", "sensorId": "Camera", "timeStamp": "2025/10/02 05:55:03"},
{"eventIds": ["person_2025-10-02X05-55-03_69149997"], "fileName": "/srv/sr/orchestrator/media/2025-10-02/person-2025-10-02X05-55-03.jpg", "fileType": "BurstPictureForensic", "messageType": "NewFile", "timeStamp": "2025/10/02 05:55:03"},
{"eventData": {"count": 1, "object": "person", "scores": [0.6474609375], "zone": "east"}, "eventType": "person", "id": "person_2025-10-02X05-55-06_72984164", "instrumentName": "person", "isAlert": false, "messageType": "Event", "sensorId": "Camera", "timeStamp": "2025/10/02 05:55:06"},
{"eventIds": ["person_2025-10-02X05-55-06_72984164"], "fileName": "/srv/sr/orchestrator/media/2025-10-02/person-2025-10-02X05-55-06.jpg", "fileType": "BurstPictureForensic", "messageType": "NewFile", "timeStamp": "2025/10/02 05:55:06"},
{"eventData": {"count": 1, "object": "leopard", "scores": [0.80517578125], "zone": "east"}, "eventType": "leopard", "id": "leopard_2025-10-02X05-55-19_86286231", "instrumentName": "leopard", "isAlert": true, "messageType": "Event", "sensorId": "Camera", "timeStamp": "2025/10/02 05:55:19"},
{"eventIds": ["leopard_2025-10-02X05-55-19_86286231"], "fileName": "/srv/sr/orchestrator/media/2025-10-02/leopard-2025-10-02X05-55-19.jpg", "fileType": "BurstPictureForensic", "messageType": "NewFile", "timeStamp": "2025/10/02 05:55:19"},
{"eventData": {"count": 1, "object": "person", "scores": [0.65576171875], "zone": "east"}, "eventType": "person", "id": "person_2025-10-02X05-55-33_99116662", "instrumentName": "person", "isAlert": false, "messageType": "Event", "sensorId": "Camera", "timeStamp": "2025/10/02 05:55:33"},
{"eventIds": ["person_2025-10-02X05-55-33_99116662"], "fileName": "/srv/sr/orchestrator/media/2025-10-02/person-2025-10-02X05-55-33.jpg", "fileType": "BurstPictureForensic", "messageType": "NewFile", "timeStamp": "2025/10/02 05:55:33"},
{"eventData": {"count": 1, "object": "person", "scores": [0.876953125], "zone": "east"}, "eventType": "person", "id": "person_2025-10-02X05-55-53_118722051", "instrumentName": "person", "isAlert": false, "messageType": "Event", "sensorId": "Camera", "timeStamp": "2025/10/02 05:55:53"},
{"eventIds": ["person_2025-10-02X05-55-53_118722051"], "fileName": "/srv/sr/orchestrator/media/2025-10-02/person-2025-10-02X05-55-53.jpg", "fileType": "BurstPictureForensic", "messageType": "NewFile", "timeStamp": "2025/10/02 05:55:53"},
{"eventData": {"count": 1, "object": "person", "scores": [0.65234375], "zone": "east"}, "eventType": "person", "id": "person_2025-10-02X05-56-04_129166661", "instrumentName": "person", "isAlert": false, "messageType": "Event", "sensorId": "Camera", "timeStamp": "2025/10/02 05:56:04"},
{"eventIds": ["person_2025-10-02X05-56-04_129166661"], "fileName": "/srv/sr/orchestrator/media/2025-10-02/person-2025-10-02X05-56-04.jpg", "fileType": "BurstPictureForensic", "messageType": "NewFile", "timeStamp": "2025/10/02 05:56:04"},
{"eventData": {"count": 1, "object": "person", "scores": [0.6162109375], "zone": "east"}, "eventType": "person", "id": "person_2025-10-02X05-56-30_157630311", "instrumentName": "person", "isAlert": false, "messageType": "Event", "sensorId": "Camera", "timeStamp": "2025/10/02 05:56:30"},
{"eventIds": ["person_2025-10-02X05-56-30_157630311"], "fileName": "/srv/sr/orchestrator/media/2025-10-02/person-2025-10-02X05-56-30.jpg", "fileType": "BurstPictureForensic", "messageType": "NewFile", "timeStamp": "2025/10/02 05:56:30"},
{"eventIds": ["person_2025-10-02X05-56-42_167266659"], "fileName": "/srv/sr/orchestrator/media/2025-10-02/person-2025-10-02X05-56-42.jpg", "fileType": "BurstPictureForensic", "messageType": "NewFile", "timeStamp": "2025/10/02 05:56:42"},
{"eventData": {"count": 1, "object": "person", "scores": [0.7294921875], "zone": "east"}, "eventType": "person", "id": "person_2025-10-02X05-56-42_167266659", "instrumentName": "person", "isAlert": false, "messageType": "Event", "sensorId": "Camera", "timeStamp": "2025/10/02 05:56:42"},
{"eventData": {"count": 1, "object": "tiger", "scores": [0.93115234375], "zone": "east"}, "eventType": "tiger", "id": "tiger_2025-10-02X05-56-56_183635284", "instrumentName": "tiger", "isAlert": true, "messageType": "Event", "sensorId": "Camera", "timeStamp": "2025/10/02 05:56:56"},
{"eventIds": ["tiger_2025-10-02X05-56-56_183635284"], "fileName": "/srv/sr/orchestrator/media/2025-10-02/tiger-2025-10-02X05-56-56.jpg", "fileType": "BurstPictureForensic", "messageType": "NewFile", "timeStamp": "2025/10/02 05:56:56"},
{"eventData": {"count": 1, "object": "person", "scores": [0.712890625], "zone": "east"}, "eventType": "person", "id": "person_2025-10-02X05-57-14_198499992", "instrumentName": "person", "isAlert": false, "messageType": "Event", "sensorId": "Camera", "timeStamp": "2025/10/02 05:57:14"},
{"eventIds": ["person_2025-10-02X05-57-14_198499992"], "fileName": "/srv/sr/orchestrator/media/2025-10-02/person-2025-10-02X05-57-14.jpg", "fileType": "BurstPictureForensic", "messageType": "NewFile", "timeStamp": "2025/10/02 05:57:14"},
{"eventData": {"count": 1, "object": "person", "scores": [0.61279296875], "zone": "east"}, "eventType": "person", "id": "person_2025-10-02X05-57-15_202170032", "instrumentName": "person", "isAlert": false, "messageType": "Event", "sensorId": "Camera", "timeStamp": "2025/10/02 05:57:15"},
{"eventIds": ["person_2025-10-02X05-57-15_202170032"], "fileName": "/srv/sr/orchestrator/media/2025-10-02/person-2025-10-02X05-57-15.jpg", "fileType": "BurstPictureForensic", "messageType": "NewFile", "timeStamp": "2025/10/02 05:57:15"},
{"eventData": {"count": 1, "object": "person", "scores": [0.88330078125], "zone": "east"}, "eventType": "person", "id": "person_2025-10-02X05-57-48_235445718", "instrumentName": "person", "isAlert": false, "messageType": "Event", "sensorId": "Camera", "timeStamp": "2025/10/02 05:57:48"},
{"eventIds": ["person_2025-10-02X05-57-48_235445718"], "fileName": "/srv/sr/orchestrator/media/2025-10-02/person-2025-10-02X05-57-48.jpg", "fileType": "BurstPictureForensic", "messageType": "NewFile", "timeStamp": "2025/10/02 05:57:48"},
{"eventData": {"count": 1, "object": "elephant", "scores": [0.74951171875], "zone": "east"}, "eventType": "elephant", "id": "elephant_2025-10-02X05-58-04_251743847", "instrumentName": "elephant", "isAlert": true, "messageType": "Event", "sensorId": "Camera", "timeStamp": "2025/10/02 05:58:04"},
{"eventIds": ["elephant_2025-10-02X05-58-04_251743847"], "fileName": "/srv/sr/orchestrator/media/2025-10-02/elephant-2025-10-02X05-58-04.jpg", "fileType": "BurstPictureForensic", "messageType": "NewFile", "timeStamp": "2025/10/02 05:58:04"},
{"eventData": {"count": 1, "object": "person", "scores": [0.75341796875], "zone": "east"}, "eventType": "person", "id": "person_2025-10-02X05-58-15_258433322", "instrumentName": "person", "isAlert": false, "messageType": "Event", "sensorId": "Camera", "timeStamp": "2025/10/02 05:58:15"},
{"eventIds": ["person_2025-10-02X05-58-15_258433322"], "fileName": "/srv/sr/orchestrator/media/2025-10-02/person-2025-10-02X05-58-15.jpg", "fileType": "BurstPictureForensic", "messageType": "NewFile", "timeStamp": "2025/10/02 05:58:15"},
{"eventData": {"count": 1, "object": "leopard", "scores": [0.72900390625], "zone": "east"}, "eventType": "leopard", "id": "leopard_2025-10-02X05-58-22_269000506", "instrumentName": "leopard", "isAlert": true, "messageType": "Event", "sensorId": "Camera", "timeStamp": "2025/10/02 05:58:22"},
{"eventIds": ["leopard_2025-10-02X05-58-22_269000506"], "fileName": "/srv/sr/orchestrator/media/2025-10-02/leopard-2025-10-02X05-58-22.jpg", "fileType": "BurstPictureForensic", "messageType": "NewFile", "timeStamp": "2025/10/02 05:58:22"},
{"eventData": {"count": 1, "object": "person", "scores": [0.6591796875], "zone": "east"}, "eventType": "person", "id": "person_2025-10-02X05-58-42_289452555", "instrumentName": "person", "isAlert": false, "messageType": "Event", "sensorId": "Camera", "timeStamp": "2025/10/02 05:58:42"},
{"eventIds": ["person_2025-10-02X05-58-42_289452555"], "fileName": "/srv/sr/orchestrator/media/2025-10-02/person-2025-10-02X05-58-42.jpg", "fileType": "BurstPictureForensic", "messageType": "NewFile", "timeStamp": "2025/10/02 05:58:42"},
{"eventData": {"count": 1, "object": "person", "scores": [0.75537109375], "zone": "east"}, "eventType": "person", "id": "person_2025-10-02X05-58-53_295516654", "instrumentName": "person", "isAlert": false, "messageType": "Event", "sensorId": "Camera", "timeStamp": "2025/10/02 05:58:53"},
{"eventIds": ["person_2025-10-02X05-58-53_295516654"], "fileName": "/srv/sr/orchestrator/media/2025-10-02/person-2025-10-02X05-58-53.jpg", "fileType": "BurstPictureForensic", "messageType": "NewFile", "timeStamp": "2025/10/02 05:58:53"},
{"eventData": {"count": 1, "object": "gaur", "scores": [0.70654296875], "zone": "east"}, "eventType": "gaur", "id": "gaur_2025-10-02X05-59-07_314778418", "instrumentName": "gaur", "isAlert": true, "messageType": "Event", "sensorId": "Camera", "timeStamp": "2025/10/02 05:59:07"},
{"eventIds": ["gaur_2025-10-02X05-59-07_314778418"], "fileName": "/srv/sr/orchestrator/media/2025-10-02/gaur-2025-10-02X05-59-07.jpg", "fileType": "BurstPictureForensic", "messageType": "NewFile", "timeStamp": "2025/10/02 05:59:07"},
{"eventData": {"count": 1, "object": "person", "scores": [0.63525390625], "zone": "east"}, "eventType": "person", "id": "person_2025-10-02X05-59-23_325433320", "instrumentName": "person", "isAlert": false, "messageType": "Event", "sensorId": "Camera", "timeStamp": "2025/10/02 05:59:23"},
{"eventIds": ["person_2025-10-02X05-59-23_325433320"], "fileName": "/srv/sr/orchestrator/media/2025-10-02/person-2025-10-02X05-59-23.jpg", "fileType": "BurstPictureForensic", "messageType": "NewFile", "timeStamp": "2025/10/02 05:59:23"},
{"eventData": {"count": 1, "object": "person", "scores": [0.802734375], "zone": "east"}, "eventType": "person", "id": "person_2025-10-02X05-59-43_350690169", "instrumentName": "person", "isAlert": false, "messageType": "Event", "sensorId": "Camera", "timeStamp": "2025/10/02 05:59:43"},
{"eventIds": ["person_2025-10-02X05-59-43_350690169"], "fileName": "/srv/sr/orchestrator/media/2025-10-02/person-2025-10-02X05-59-43.jpg", "fileType": "BurstPictureForensic", "messageType": "NewFile", "timeStamp": "2025/10/02 05:59:43"},
{"eventData": {"count": 1, "object": "person", "scores": [0.7041015625], "zone": "east"}, "eventType": "person", "id": "person_2025-10-02X06-00-09_370116651", "instrumentName": "person", "isAlert": false, "messageType": "Event", "sensorId": "Camera", "timeStamp": "2025/10/02 06:00:09"},
{"eventIds": ["person_2025-10-02X06-00-09_370116651"], "fileName": "/srv/sr/orchestrator/media/2025-10-02/person-2025-10-02X06-00-09.jpg", "fileType": "BurstPictureForensic", "messageType": "NewFile", "timeStamp": "2025/10/02 06:00:09"},
{"eventData": {"count": 1, "object": "person", "scores": [0.81396484375], "zone": "east"}, "eventType": "person", "id": "person_2025-10-02X06-00-15_382167874", "instrumentName": "person", "isAlert": false, "messageType": "Event", "sensorId": "Camera", "timeStamp": "2025/10/02 06:00:15"},
{"eventIds": ["person_2025-10-02X06-00-15_382167874"], "fileName": "/srv/sr/orchestrator/media/2025-10-02/person-2025-10-02X06-00-15.jpg", "fileType": "BurstPictureForensic", "messageType": "NewFile", "timeStamp": "2025/10/02 06:00:15"},
{"eventData": {"count": 1, "object": "person", "scores": [0.66796875], "zone": "east"}, "eventType": "person", "id": "person_2025-10-02X06-00-49_415882523", "instrumentName": "person", "isAlert": false, "messageType": "Event", "sensorId": "Camera", "timeStamp": "2025/10/02 06:00:49"},
{"eventIds": ["person_2025-10-02X06-00-49_415882523"], "fileName": "/srv/sr/orchestrator/media/2025-10-02/person-2025-10-02X06-00-49.jpg", "fileType": "BurstPictureForensic", "messageType": "NewFile", "timeStamp": "2025/10/02 06:00:49"},
{"eventData": {"count": 1, "object": "person", "scores": [0.81982421875], "zone": "east"}, "eventType": "person", "id": "person_2025-10-02X06-01-19_446122289", "instrumentName": "person", "isAlert": false, "messageType": "Event", "sensorId": "Camera", "timeStamp": "2025/10/02 06:01:19"},
{"eventIds": ["person_2025-10-02X06-01-19_446122289"], "fileName": "/srv/sr/orchestrator/media/2025-10-02/person-2025-10-02X06-01-19.jpg", "fileType": "BurstPictureForensic", "messageType": "NewFile", "timeStamp": "2025/10/02 06:01:19"},
{"eventData": {"count": 1, "object": "person", "scores": [0.70068359375], "zone": "east"}, "eventType": "person", "id": "person_2025-10-02X06-01-19_439716649", "instrumentName": "person", "isAlert": false, "messageType": "Event", "sensorId": "Camera", "timeStamp": "2025/10/02 06:01:19"},
{"eventIds": ["person_2025-10-02X06-01-19_439716649"], "fileName": "/srv/sr/orchestrator/media/2025-10-02/person-2025-10-02X06-01-19.jpg", "fileType": "BurstPictureForensic", "messageType": "NewFile", "timeStamp": "2025/10/02 06:01:19"},
{"eventData": {"count": 1, "object": "person", "scores": [0.7099609375], "zone": "east"}, "eventType": "person", "id": "person_2025-10-02X06-01-49_476640799", "instrumentName": "person", "isAlert": false, "messageType": "Event", "sensorId": "Camera", "timeStamp": "2025/10/02 06:01:49"},
{"eventIds": ["person_2025-10-02X06-01-49_476640799"], "fileName": "/srv/sr/orchestrator/media/2025-10-02/person-2025-10-02X06-01-49.jpg", "fileType": "BurstPictureForensic", "messageType": "NewFile", "timeStamp": "2025/10/02 06:01:49"},
{"eventData": {"count": 1, "object": "person", "scores": [0.6943359375], "zone": "east"}, "eventType": "person", "id": "person_2025-10-02X06-01-50_470316647", "instrumentName": "person", "isAlert": false, "messageType": "Event", "sensorId": "Camera", "timeStamp": "2025/10/02 06:01:50"},
{"eventIds": ["person_2025-10-02X06-01-50_470316647"], "fileName": "/srv/sr/orchestrator/media/2025-10-02/person-2025-10-02X06-01-50.jpg", "fileType": "BurstPictureForensic", "messageType": "NewFile", "timeStamp": "2025/10/02 06:01:50"},
{"eventData": {"count": 1, "object": "person", "scores": [0.6943359375], "zone": ""}, "eventType": "person", "id": "person_2025-10-05X16-15-49_3232166537", "instrumentName": "person", "isAlert": false, "messageType": "Event", "sensorId": "Camera", "timeStamp": "2025/10/05 16:15:49"},
{"eventIds": ["person_2025-10-05X16-15-49_3232166537"], "fileName": "/srv/sr/orchestrator/media/fromSensor/UniCamera/0/burstImage/2025-10-05/person-2025-10-05X16-15-49.jpg", "fileType": "BurstPictureForensic", "messageType": "NewFile", "timeStamp": "2025/10/05 16:15:49"},
{"eventData": {"count": 1, "object": "person", "scores": [0.63818359375], "zone": ""}, "eventType": "person", "id": "person_2025-10-05X17-07-49_83333", "instrumentName": "person", "isAlert": false, "messageType": "Event", "sensorId": "Camera", "timeStamp": "2025/10/05 17:07:49"},
{"eventIds": ["person_2025-10-05X17-07-49_83333"], "fileName": "/srv/sr/orchestrator/media/fromSensor/UniCamera/0/burstImage/2025-10-05/person-2025-10-05X17-07-49.jpg", "fileType": "BurstPictureForensic", "messageType": "NewFile", "timeStamp": "2025/10/05 17:07:49"},
{"eventData": {"count": 1, "object": "person", "scores": [0.64306640625], "zone": ""}, "eventType": "person", "id": "person_2025-10-05X17-11-55_83333", "instrumentName": "person", "isAlert": false, "messageType": "Event", "sensorId": "Camera", "timeStamp": "2025/10/05 17:11:55"},
{"eventIds": ["person_2025-10-05X17-11-55_83333"], "fileName": "/srv/sr/orchestrator/media/fromSensor/UniCamera/0/burstImage/2025-10-05/person-2025-10-05X17-11-55.jpg", "fileType": "BurstPictureForensic", "messageType": "NewFile", "timeStamp": "2025/10/05 17:11:55"},
{"eventData": {"count": 1, "object": "person", "scores": [0.615234375], "zone": ""}, "eventType": "person", "id": "person_2025-10-05X18-46-43_13583332", "instrumentName": "person", "isAlert": false, "messageType": "Event", "sensorId": "Camera", "timeStamp": "2025/10/05 18:46:43"},
{"eventIds": ["person_2025-10-05X18-46-43_13583332"], "fileName": "/srv/sr/orchestrator/media/fromSensor/UniCamera/0/burstImage/2025-10-05/person-2025-10-05X18-46-43.jpg", "fileType": "BurstPictureForensic", "messageType": "NewFile", "timeStamp": "2025/10/05 18:46:43"},
{"eventData": {"count": 1, "object": "bigcat", "scores": [0.91015625], "zone": ""}, "eventType": "bigcat", "id": "bigcat_2025-10-05X18-47-02_31933332", "instrumentName": "bigcat", "isAlert": true, "messageType": "Event", "sensorId": "Camera", "timeStamp": "2025/10/05 18:47:02"},
{"eventIds": ["bigcat_2025-10-05X18-47-02_31933332"], "fileName": "/srv/sr/orchestrator/media/fromSensor/UniCamera/0/burstImage/2025-10-05/bigcat-2025-10-05X18-47-02.jpg", "fileType": "BurstPictureForensic", "messageType": "NewFile", "timeStamp": "2025/10/05 18:47:02"},
{"eventIds": ["bigcat_2025-10-05X18-47-59_88283329"], "fileName": "/srv/sr/orchestrator/media/fromSensor/UniCamera/0/burstImage/2025-10-05/bigcat-2025-10-05X18-47-59.jpg", "fileType": "BurstPictureForensic", "messageType": "NewFile", "timeStamp": "2025/10/05 18:47:59"},
{"eventData": {"count": 1, "object": "bigcat", "scores": [0.90283203125], "zone": ""}, "eventType": "bigcat", "id": "bigcat_2025-10-05X18-47-59_88283329", "instrumentName": "bigcat", "isAlert": true, "messageType": "Event", "sensorId": "Camera", "timeStamp": "2025/10/05 18:47:59"},
{"eventData": {"count": 1, "object": "person", "scores": [0.63427734375], "zone": ""}, "eventType": "person", "id": "person_2025-10-05X19-21-08_45933331", "instrumentName": "person", "isAlert": false, "messageType": "Event", "sensorId": "Camera", "timeStamp": "2025/10/05 19:21:08"},
{"eventIds": ["person_2025-10-05X19-21-08_45933331"], "fileName": "/srv/sr/orchestrator/media/fromSensor/UniCamera/0/burstImage/2025-10-05/person-2025-10-05X19-21-08.jpg", "fileType": "BurstPictureForensic", "messageType": "NewFile", "timeStamp": "2025/10/05 19:21:08"},
{"eventData": {"count": 1, "object": "person", "scores": [0.65283203125], "zone": ""}, "eventType": "person", "id": "person_2025-10-05X19-21-39_75733330", "instrumentName": "person", "isAlert": false, "messageType": "Event", "sensorId": "Camera", "timeStamp": "2025/10/05 19:21:39"},
{"eventIds": ["person_2025-10-05X19-21-39_75733330"], "fileName": "/srv/sr/orchestrator/media/fromSensor/UniCamera/0/burstImage/2025-10-05/person-2025-10-05X19-21-39.jpg", "fileType": "BurstPictureForensic", "messageType": "NewFile", "timeStamp": "2025/10/05 19:21:39"},
{"eventIds": ["person_2025-10-05X19-22-09_105366662"], "fileName": "/srv/sr/orchestrator/media/fromSensor/UniCamera/0/burstImage/2025-10-05/person-2025-10-05X19-22-09.jpg", "fileType": "BurstPictureForensic", "messageType": "NewFile", "timeStamp": "2025/10/05 19:22:09"},
{"eventData": {"count": 1, "object": "person", "scores": [0.61962890625], "zone": ""}, "eventType": "person", "id": "person_2025-10-05X19-22-09_105366662", "instrumentName": "person", "isAlert": false, "messageType": "Event", "sensorId": "Camera", "timeStamp": "2025/10/05 19:22:09"},
{"eventIds": ["person_2025-10-05X19-22-39_135033327"], "fileName": "/srv/sr/orchestrator/media/fromSensor/UniCamera/0/burstImage/2025-10-05/person-2025-10-05X19-22-39.jpg", "fileType": "BurstPictureForensic", "messageType": "NewFile", "timeStamp": "2025/10/05 19:22:39"},
{"eventData": {"count": 1, "object": "person", "scores": [0.662109375], "zone": ""}, "eventType": "person", "id": "person_2025-10-05X19-22-39_135033327", "instrumentName": "person", "isAlert": false, "messageType": "Event", "sensorId": "Camera", "timeStamp": "2025/10/05 19:22:39"},
{"eventData": {"count": 1, "object": "person", "scores": [0.63232421875], "zone": ""}, "eventType": "person", "id": "person_2025-10-05X19-23-10_165366660", "instrumentName": "person", "isAlert": false, "messageType": "Event", "sensorId": "Camera", "timeStamp": "2025/10/05 19:23:10"},
{"eventIds": ["person_2025-10-05X19-23-10_165366660"], "fileName": "/srv/sr/orchestrator/media/fromSensor/UniCamera/0/burstImage/2025-10-05/person-2025-10-05X19-23-10.jpg", "fileType": "BurstPictureForensic", "messageType": "NewFile", "timeStamp": "2025/10/05 19:23:10"},
{"eventIds": ["person_2025-10-05X19-23-48_202833325"], "fileName": "/srv/sr/orchestrator/media/fromSensor/UniCamera/0/burstImage/2025-10-05/person-2025-10-05X19-23-48.jpg", "fileType": "BurstPictureForensic", "messageType": "NewFile", "timeStamp": "2025/10/05 19:23:48"},
{"eventData": {"count": 1, "object": "person", "scores": [0.61962890625], "zone": ""}, "eventType": "person", "id": "person_2025-10-05X19-23-48_202833325", "instrumentName": "person", "isAlert": false, "messageType": "Event", "sensorId": "Camera", "timeStamp": "2025/10/05 19:23:48"},
{"eventIds": ["person_2025-10-05X19-25-13_286833321"], "fileName": "/srv/sr/orchestrator/media/fromSensor/UniCamera/0/burstImage/2025-10-05/person-2025-10-05X19-25-13.jpg", "fileType": "BurstPictureForensic", "messageType": "NewFile", "timeStamp": "2025/10/05 19:25:13"},
{"eventData": {"count": 1, "object": "person", "scores": [0.6298828125], "zone": ""}, "eventType": "person", "id": "person_2025-10-05X19-25-13_286833321", "instrumentName": "person", "isAlert": false, "messageType": "Event", "sensorId": "Camera", "timeStamp": "2025/10/05 19:25:13"},
{"eventData": {"count": 1, "object": "person", "scores": [0.609375], "zone": ""}, "eventType": "person", "id": "person_2025-10-05X19-26-04_337299986", "instrumentName": "person", "isAlert": false, "messageType": "Event", "sensorId": "Camera", "timeStamp": "2025/10/05 19:26:04"},
{"eventIds": ["person_2025-10-05X19-26-04_337299986"], "fileName": "/srv/sr/orchestrator/media/fromSensor/UniCamera/0/burstImage/2025-10-05/person-2025-10-05X19-26-04.jpg", "fileType": "BurstPictureForensic", "messageType": "NewFile", "timeStamp": "2025/10/05 19:26:04"},
{"eventData": {"count": 1, "object": "person", "scores": [0.60302734375], "zone": ""}, "eventType": "person", "id": "person_2025-10-05X19-26-43_375616651", "instrumentName": "person", "isAlert": false, "messageType": "Event", "sensorId": "Camera", "timeStamp": "2025/10/05 19:26:43"},
{"eventIds": ["person_2025-10-05X19-26-43_375616651"], "fileName": "/srv/sr/orchestrator/media/fromSensor/UniCamera/0/burstImage/2025-10-05/person-2025-10-05X19-26-43.jpg", "fileType": "BurstPictureForensic", "messageType": "NewFile", "timeStamp": "2025/10/05 19:26:43"},
{"eventData": {"count": 1, "object": "person", "scores": [0.65625], "zone": ""}, "eventType": "person", "id": "person_2025-10-05X19-28-35_1216666", "instrumentName": "person", "isAlert": false, "messageType": "Event", "sensorId": "Camera", "timeStamp": "2025/10/05 19:28:35"},
{"eventIds": ["person_2025-10-05X19-28-35_1216666"], "fileName": "/srv/sr/orchestrator/media/fromSensor/UniCamera/0/burstImage/2025-10-05/person-2025-10-05X19-28-35.jpg", "fileType": "BurstPictureForensic", "messageType": "NewFile", "timeStamp": "2025/10/05 19:28:35"},
{"eventData": {"count": 1, "object": "person", "scores": [0.62255859375], "zone": ""}, "eventType": "person", "id": "person_2025-10-05X19-30-19_2683333", "instrumentName": "person", "isAlert": false, "messageType": "Event", "sensorId": "Camera", "timeStamp": "2025/10/05 19:30:19"},
{"eventIds": ["person_2025-10-05X19-30-19_2683333"], "fileName": "/srv/sr/orchestrator/media/fromSensor/UniCamera/0/burstImage/2025-10-05/person-2025-10-05X19-30-19.jpg", "fileType": "BurstPictureForensic", "messageType": "NewFile", "timeStamp": "2025/10/05 19:30:19"},
{"eventIds": ["person_2025-10-05X19-31-20_62349997"], "fileName": "/srv/sr/orchestrator/media/fromSensor/UniCamera/0/burstImage/2025-10-05/person-2025-10-05X19-31-20.jpg", "fileType": "BurstPictureForensic", "messageType": "NewFile", "timeStamp": "2025/10/05 19:31:20"},
{"eventData": {"count": 1, "object": "person", "scores": [0.6162109375], "zone": ""}, "eventType": "person", "id": "person_2025-10-05X19-31-20_62349997", "instrumentName": "person", "isAlert": false, "messageType": "Event", "sensorId": "Camera", "timeStamp": "2025/10/05 19:31:20"},
{"eventData": {"count": 1, "object": "person", "scores": [0.6337890625], "zone": ""}, "eventType": "person", "id": "person_2025-10-05X19-32-24_1216666", "instrumentName": "person", "isAlert": false, "messageType": "Event", "sensorId": "Camera", "timeStamp": "2025/10/05 19:32:24"},
{"eventIds": ["person_2025-10-05X19-32-24_1216666"], "fileName": "/srv/sr/orchestrator/media/fromSensor/UniCamera/0/burstImage/2025-10-05/person-2025-10-05X19-32-24.jpg", "fileType": "BurstPictureForensic", "messageType": "NewFile", "timeStamp": "2025/10/05 19:32:24"},
{"eventData": {"count": 1, "object": "person", "scores": [0.63427734375], "zone": ""}, "eventType": "person", "id": "person_2025-10-05X19-36-44_1683333", "instrumentName": "person", "isAlert": false, "messageType": "Event", "sensorId": "Camera", "timeStamp": "2025/10/05 19:36:44"},
{"eventIds": ["person_2025-10-05X19-36-44_1683333"], "fileName": "/srv/sr/orchestrator/media/fromSensor/UniCamera/0/burstImage/2025-10-05/person-2025-10-05X19-36-44.jpg", "fileType": "BurstPictureForensic", "messageType": "NewFile", "timeStamp": "2025/10/05 19:36:44"},
{"eventIds": ["person_2025-10-05X19-37-44_60916664"], "fileName": "/srv/sr/orchestrator/media/fromSensor/UniCamera/0/burstImage/2025-10-05/person-2025-10-05X19-37-44.jpg", "fileType": "BurstPictureForensic", "messageType": "NewFile", "timeStamp": "2025/10/05 19:37:44"},
{"eventData": {"count": 1, "object": "person", "scores": [0.64501953125], "zone": ""}, "eventType": "person", "id": "person_2025-10-05X19-37-44_60916664", "instrumentName": "person", "isAlert": false, "messageType": "Event", "sensorId": "Camera", "timeStamp": "2025/10/05 19:37:44"},
{"eventIds": ["person_2025-10-05X19-38-35_110549995"], "fileName": "/srv/sr/orchestrator/media/fromSensor/UniCamera/0/burstImage/2025-10-05/person-2025-10-05X19-38-35.jpg", "fileType": "BurstPictureForensic", "messageType": "NewFile", "timeStamp": "2025/10/05 19:38:35"},
{"eventData": {"count": 1, "object": "person", "scores": [0.71044921875], "zone": ""}, "eventType": "person", "id": "person_2025-10-05X19-38-35_110549995", "instrumentName": "person", "isAlert": false, "messageType": "Event", "sensorId": "Camera", "timeStamp": "2025/10/05 19:38:35"},
{"eventIds": ["person_2025-10-05X19-39-09_144133327"], "fileName": "/srv/sr/orchestrator/media/fromSensor/UniCamera/0/burstImage/2025-10-05/person-2025-10-05X19-39-09.jpg", "fileType": "BurstPictureForensic", "messageType": "NewFile", "timeStamp": "2025/10/05 19:39:09"},
{"eventData": {"count": 1, "object": "person", "scores": [0.64990234375], "zone": ""}, "eventType": "person", "id": "person_2025-10-05X19-39-09_144133327", "instrumentName": "person", "isAlert": false, "messageType": "Event", "sensorId": "Camera", "timeStamp": "2025/10/05 19:39:09"},
